<?xml version="1.0" encoding="UTF-8"?>
<testsuite failures="5" name="phpstan" tests="5" xmlns:xsi="http://www.w3.org/2001/XMLSchema-instance" xsi:noNamespaceSchemaLocation="https://raw.githubusercontent.com/junit-team/junit5/r5.5.1/platform-tests/src/test/resources/jenkins-junit.xsd">
    <testcase name="Classes/Domain/Repository/ImageFileReferenceRepository.php:88">
        <failure type="ERROR" message="Call to an undefined method Doctrine\DBAL\Driver\ResultStatement::fetchAssociative()." />
    </testcase>
    <testcase name="Classes/Domain/Repository/ImageFileReferenceRepository.php:127">
        <failure type="ERROR" message="Method Netresearch\NrImageSitemap\Domain\Repository\ImageFileReferenceRepository::getAllRecords() return type has no value type specified in iterable type Doctrine\DBAL\Driver\ResultStatement." />
    </testcase>
    <testcase name="Classes/Domain/Repository/ImageFileReferenceRepository.php:137">
        <failure type="ERROR" message="Parameter #1 ...$selects of method TYPO3\CMS\Core\Database\Query\QueryBuilder::select() expects string, array&amp;lt;int, string&amp;gt; given." />
    </testcase>
    <testcase name="Classes/Domain/Repository/ImageFileReferenceRepository.php:215">
        <failure type="ERROR" message="Method Netresearch\NrImageSitemap\Domain\Repository\ImageFileReferenceRepository::getAllRecords() should return Doctrine\DBAL\Driver\ResultStatement but returns Doctrine\DBAL\Result|int." />
    </testcase>
    <testcase name="Classes/Seo/ImagesXmlSitemapDataProvider.php:59">
        <failure type="ERROR" message="Method Netresearch\NrImageSitemap\Seo\ImagesXmlSitemapDataProvider::__construct() has parameter $config with no value type specified in iterable type array." />
    </testcase>
</testsuite>